<?xml version="1.0" encoding="UTF-8"?>
<testsuite xmlns:xsi="http://www.w3.org/2001/XMLSchema-instance" xsi:noNamespaceSchemaLocation="https://maven.apache.org/surefire/maven-surefire-plugin/xsd/surefire-test-report.xsd" name="com.itheima.publisher.SpringAmqpTest" time="1.016" tests="2" errors="0" skipped="0" failures="0">
  <properties>
[...]
</properties>
  <testcase name="testSimpleQueue" classname="com.itheima.publisher.SpringAmqpTest" time="0.151"/>
  <testcase name="testWorkQueue" classname="com.itheima.publisher.SpringAmqpTest" time="0.005"/>
</testsuite>